BUILD: Examining q:\projects\winparport\cvs\src\driver directory for files to compile.
Compiling (NoSync) q:\projects\winparport\cvs\src\driver directory ********************
1>'nmake.exe /nologo BUILDMSG=Stop. -i NTTEST= UMTEST= NOLINK=1 PASS1_NOLIB=1 386=1'
1>BUILDMSG: Processing q:\projects\winparport\cvs\src\driver
1>cl -nologo -Ii386\ -I. -IH:\WINDDK~1.183\inc\mfc42 -I..\include -Iobjchk_w2K_x86\i386 -IH:\WINDDK~1.183\inc\w2K -IH:\WINDDK~1.183\inc\w2K -IH:\WINDDK~1.183\inc\ddk\w2K -IH:\WINDDK~1.183\inc\ddk\wdm\w2K -IH:\WINDDK~1.183\inc\crt -D_X86_=1 -Di386=1  -DSTD_CALL -DCONDITION_HANDLING=1   -DNT_INST=0 -DWIN32=100 -D_NT1X_=100 -DWINNT=1 -D_WIN32_WINNT=0x0500 /DWINVER=0x0500 -D_WIN32_IE=0x0501    -DWIN32_LEAN_AND_MEAN=1 -DDEVL=1 -DDBG=1 -D__BUILDMACHINE__=WinDDK -DFPO=0  -DNDEBUG -D_DLL=1  -DVER_MAJOR=0  -DVER_MINOR=2     /c /Zl /Zp8 /Gy /Gm- -cbstring /W3 /WX /Gz  /GX-  /GR- /GF /GS /G6 /Ze /Gi- /QIfdiv- /hotpatch -Z7 /Od /Oi  /Oy-   -FIH:\WINDDK~1.183\inc\w2K\warning.h   .\main.c .\ioctl.c .\windrv.c 
1>main.c
1>ioctl.c
1>windrv.c
1>Generating Code...
1>
1>Stop.
Compiling  q:\projects\winparport\cvs\src\driver directory ********************
100>'nmake.exe /nologo BUILDMSG=Stop. -i NTTEST= UMTEST= NOLINK=1 386=1'
100>BUILDMSG: Processing q:\projects\winparport\cvs\src\driver
100>
100>Stop.
Linking q:\projects\winparport\cvs\src\driver directory ********************
1>'nmake.exe /nologo BUILDMSG=Stop. -i LINKONLY=1 NOPASS0=1 NTTEST= UMTEST= 386=1'
1>BUILDMSG: Processing q:\projects\winparport\cvs\src\driver
1>	link -out:objchk_w2K_x86\i386\openpprt.sys -machine:ix86 @h:\Temp\nm30D.tmp
1>Microsoft (R) Incremental Linker Version 7.10.4035
1>Copyright (C) Microsoft Corporation.  All rights reserved.
1>
1>-MERGE:_PAGE=PAGE 
1>-MERGE:_TEXT=.text 
1>-SECTION:INIT,d 
1>-OPT:REF 
1>-OPT:ICF 
1>-IGNORE:4198,4010,4037,4039,4065,4070,4078,4087,4089,4221 
1>-INCREMENTAL:NO 
1>-FULLBUILD 
1>/release 
1>-NODEFAULTLIB 
1>/WX 
1>-debug 
1>-debugtype:cv 
1>-version:5.0 
1>-osversion:5.0 
1>/functionpadmin:5 
1>/pdbcompress 
1>-STACK:0x40000,0x1000 
1>-driver 
1>-base:0x10000 
1>-align:0x80 /stub:H:\WINDDK~1.183\lib\w2K\stub512.com 
1>-subsystem:native,5.00 
1>-entry:GsDriverEntry@8 
1>-out:objchk_w2K_x86\i386\openpprt.sys 
1>objchk_w2K_x86\i386\main.obj 
1>objchk_w2K_x86\i386\ioctl.obj 
1>objchk_w2K_x86\i386\windrv.obj 
1>H:\WINDDK~1.183\lib\w2K\i386\BufferOverflowK.lib 
1>H:\WINDDK~1.183\lib\w2K\i386\ntoskrnl.lib 
1>H:\WINDDK~1.183\lib\w2K\i386\hal.lib 
1>H:\WINDDK~1.183\lib\w2K\i386\wmilib.lib 
1>H:\WINDDK~1.183\lib\w2K\i386\sehupd.lib 
1>	echo Skip Binplace:
1>Skip Binplace:
1>
1>Stop.
